Log file open, 05/25/19 21:30:47
LogWindows: Failed to load 'aqProf.dll' (GetLastError=126)
LogWindows: File 'aqProf.dll' does not exist
LogWindows: Failed to load 'VtuneApi.dll' (GetLastError=126)
LogWindows: File 'VtuneApi.dll' does not exist
LogWindows: Failed to load 'VtuneApi32e.dll' (GetLastError=126)
LogWindows: File 'VtuneApi32e.dll' does not exist
LogConsoleResponse: Display: Failed to find resolution value strings in scalability ini. Falling back to default.
LogInit: Display: Running engine for game: GeometryCatcher
LogPakFile: Registered encryption key '00000000000000000000000000000000': 0 pak files mounted, 0 remain pending
LogPlatformFile: Not using cached read wrapper
LogTaskGraph: Started task graph with 5 named threads and 11 total threads with 3 sets of task threads.
LogStats: Stats thread started at 8.175641
LogD3D11RHI: Loaded GFSDK_Aftermath_Lib.x64.dll
LogICUInternationalization: ICU TimeZone Detection - Raw Offset: +5:30, Platform Override: ''
LogPluginManager: Mounting plugin Paper2D
LogPluginManager: Mounting plugin AISupport
LogPluginManager: Mounting plugin LightPropagationVolume
LogPluginManager: Mounting plugin ActorLayerUtilities
LogPluginManager: Mounting plugin AnimationSharing
LogPluginManager: Mounting plugin CLionSourceCodeAccess
LogPluginManager: Mounting plugin CodeLiteSourceCodeAccess
LogPluginManager: Mounting plugin GitSourceControl
LogPluginManager: Mounting plugin KDevelopSourceCodeAccess
LogPluginManager: Mounting plugin NullSourceCodeAccess
LogPluginManager: Mounting plugin PerforceSourceControl
LogPluginManager: Mounting plugin SubversionSourceControl
LogPluginManager: Mounting plugin UObjectPlugin
LogPluginManager: Mounting plugin VisualStudioCodeSourceCodeAccess
LogPluginManager: Mounting plugin VisualStudioSourceCodeAccess
LogPluginManager: Mounting plugin XCodeSourceCodeAccess
LogPluginManager: Mounting plugin AssetManagerEditor
LogPluginManager: Mounting plugin CryptoKeys
LogPluginManager: Mounting plugin DataValidation
LogPluginManager: Mounting plugin FacialAnimation
LogPluginManager: Mounting plugin GameplayTagsEditor
LogPluginManager: Mounting plugin MacGraphicsSwitching
LogPluginManager: Mounting plugin MaterialAnalyzer
LogPluginManager: Mounting plugin MobileLauncherProfileWizard
LogPluginManager: Mounting plugin PluginBrowser
LogPluginManager: Mounting plugin SpeedTreeImporter
LogPluginManager: Mounting plugin DatasmithContent
LogPluginManager: Mounting plugin VariantManagerContent
LogPluginManager: Mounting plugin AlembicImporter
LogPluginManager: Mounting plugin AppleImageUtils
LogPluginManager: Mounting plugin AppleVision
LogPluginManager: Mounting plugin BackChannel
LogPluginManager: Mounting plugin CharacterAI
LogPluginManager: Mounting plugin GeometryCache
LogPluginManager: Mounting plugin HTML5Networking
LogPluginManager: Mounting plugin ProxyLODPlugin
LogPluginManager: Mounting plugin SkeletalReduction
LogPluginManager: Mounting plugin MagicLeap
LogPluginManager: Mounting plugin MagicLeapMedia
LogPluginManager: Mounting plugin AndroidMedia
LogPluginManager: Mounting plugin AvfMedia
LogPluginManager: Mounting plugin ImgMedia
LogPluginManager: Mounting plugin LinearTimecode
LogPluginManager: Mounting plugin MediaCompositing
LogPluginManager: Mounting plugin MediaPlayerEditor
LogPluginManager: Mounting plugin WebMMedia
LogPluginManager: Mounting plugin WmfMedia
LogPluginManager: Mounting plugin TcpMessaging
LogPluginManager: Mounting plugin UdpMessaging
LogPluginManager: Mounting plugin ActorSequence
LogPluginManager: Mounting plugin LevelSequenceEditor
LogPluginManager: Mounting plugin MatineeToLevelSequence
LogPluginManager: Mounting plugin NetcodeUnitTest
LogPluginManager: Mounting plugin NUTUnrealEngine4
LogPluginManager: Mounting plugin OnlineSubsystemGooglePlay
LogPluginManager: Mounting plugin OnlineSubsystemIOS
LogPluginManager: Mounting plugin OnlineSubsystem
LogPluginManager: Mounting plugin OnlineSubsystemNull
LogPluginManager: Mounting plugin OnlineSubsystemUtils
LogPluginManager: Mounting plugin LauncherChunkInstaller
LogPluginManager: Mounting plugin AndroidDeviceProfileSelector
LogPluginManager: Mounting plugin AndroidMoviePlayer
LogPluginManager: Mounting plugin AndroidPermission
LogPluginManager: Mounting plugin AppleMoviePlayer
LogPluginManager: Mounting plugin ArchVisCharacter
LogPluginManager: Mounting plugin AudioCapture
LogPluginManager: Mounting plugin CableComponent
LogPluginManager: Mounting plugin CustomMeshComponent
LogPluginManager: Mounting plugin EditableMesh
LogPluginManager: Mounting plugin ExampleDeviceProfileSelector
LogPluginManager: Mounting plugin Firebase
LogPluginManager: Mounting plugin GoogleCloudMessaging
LogPluginManager: Mounting plugin IOSDeviceProfileSelector
LogPluginManager: Mounting plugin LinuxDeviceProfileSelector
LogPluginManager: Mounting plugin LocationServicesBPLibrary
LogPluginManager: Mounting plugin MobilePatchingUtils
LogPluginManager: Mounting plugin OculusVR
LogPluginManager: Mounting plugin PhysXVehicles
LogPluginManager: Mounting plugin ProceduralMeshComponent
LogPluginManager: Mounting plugin RuntimePhysXCooking
LogPluginManager: Mounting plugin SignificanceManager
LogPluginManager: Mounting plugin SteamVR
LogPluginManager: Mounting plugin WebMMoviePlayer
LogPluginManager: Mounting plugin WindowsMoviePlayer
LogInit: Using libcurl 7.55.1-DEV
LogInit:  - built for x86_64-pc-win32
LogInit:  - supports SSL with OpenSSL/1.1.1
LogInit:  - supports HTTP deflate (compression) using libz 1.2.8
LogInit:  - other features:
LogInit:      CURL_VERSION_SSL
LogInit:      CURL_VERSION_LIBZ
LogInit:      CURL_VERSION_IPV6
LogInit:      CURL_VERSION_ASYNCHDNS
LogInit:      CURL_VERSION_LARGEFILE
LogInit:      CURL_VERSION_IDN
LogInit:  CurlRequestOptions (configurable via config and command line):
LogInit:  - bVerifyPeer = true  - Libcurl will verify peer certificate
LogInit:  - bUseHttpProxy = false  - Libcurl will NOT use HTTP proxy
LogInit:  - bDontReuseConnections = false  - Libcurl will reuse connections
LogInit:  - MaxHostConnections = 16  - Libcurl will limit the number of connections to a host
LogInit:  - LocalHostAddr = Default
LogInit:  - BufferSize = 65536
LogInit: WinSock: version 1.1 (2.2), MaxSocks=32767, MaxUdp=65467
LogInit: Build: ++UE4+Release-4.22-CL-6574378
LogInit: Engine Version: 4.22.2-6574378+++UE4+Release-4.22
LogInit: Compatible Engine Version: 4.22.0-5660361+++UE4+Release-4.22
LogInit: Net CL: 5660361
LogInit: OS: Windows 10 (Release 1809) (), CPU: Intel(R) Core(TM) i5-6200U CPU @ 2.30GHz, GPU: Intel(R) HD Graphics 520
LogInit: Compiled (64-bit): May 20 2019 09:54:56
LogInit: Compiled with Visual C++: 19.16.27025.01
LogInit: Build Configuration: Development
LogInit: Branch Name: ++UE4+Release-4.22
LogInit: Command Line: 
LogInit: Base Directory: C:/Program Files/Epic Games/UE_4.22/Engine/Binaries/Win64/
LogInit: Installed Engine Build: 1
LogDevObjectVersion: Number of dev versions registered: 23
LogDevObjectVersion:   Dev-Blueprints (B0D832E4-1F89-4F0D-ACCF-7EB736FD4AA2): 10
LogDevObjectVersion:   Dev-Build (E1C64328-A22C-4D53-A36C-8E866417BD8C): 0
LogDevObjectVersion:   Dev-Core (375EC13C-06E4-48FB-B500-84F0262A717E): 3
LogDevObjectVersion:   Dev-Editor (E4B068ED-F494-42E9-A231-DA0B2E46BB41): 30
LogDevObjectVersion:   Dev-Framework (CFFC743F-43B0-4480-9391-14DF171D2073): 35
LogDevObjectVersion:   Dev-Mobile (B02B49B5-BB20-44E9-A304-32B752E40360): 2
LogDevObjectVersion:   Dev-Networking (A4E4105C-59A1-49B5-A7C5-40C4547EDFEE): 0
LogDevObjectVersion:   Dev-Online (39C831C9-5AE6-47DC-9A44-9C173E1C8E7C): 0
LogDevObjectVersion:   Dev-Physics (78F01B33-EBEA-4F98-B9B4-84EACCB95AA2): 0
LogDevObjectVersion:   Dev-Platform (6631380F-2D4D-43E0-8009-CF276956A95A): 0
LogDevObjectVersion:   Dev-Rendering (12F88B9F-8875-4AFC-A67C-D90C383ABD29): 28
LogDevObjectVersion:   Dev-Sequencer (7B5AE74C-D270-4C10-A958-57980B212A5A): 11
LogDevObjectVersion:   Dev-VR (D7296918-1DD6-4BDD-9DE2-64A83CC13884): 2
LogDevObjectVersion:   Dev-LoadTimes (C2A15278-BFE7-4AFE-6C17-90FF531DF755): 1
LogDevObjectVersion:   Private-Geometry (6EACA3D4-40EC-4CC1-B786-8BED09428FC5): 3
LogDevObjectVersion:   Dev-AnimPhys (29E575DD-E0A3-4627-9D10-D276232CDCEA): 17
LogDevObjectVersion:   Dev-Anim (AF43A65D-7FD3-4947-9873-3E8ED9C1BB05): 2
LogDevObjectVersion:   Dev-ReflectionCapture (6B266CEC-1EC7-4B8F-A30B-E4D90942FC07): 1
LogDevObjectVersion:   Dev-Automation (0DF73D61-A23F-47EA-B727-89E90C41499A): 1
LogDevObjectVersion:   FortniteMain (601D1886-AC64-4F84-AA16-D3DE0DEAC7D6): 25
LogDevObjectVersion:   Dev-Enterprise (9DFFBCD6-494F-0158-E221-12823C92A888): 6
LogDevObjectVersion:   Dev-Niagara (F2AED0AC-9AFE-416F-8664-AA7FFA26D6FC): 1
LogDevObjectVersion:   Dev-Destruction (174F1F0B-B4C6-45A5-B13F-2EE8D0FB917D): 2
LogInit: Presizing for max 16777216 objects, including 0 objects not considered by GC, pre-allocating 0 bytes for permanent pool.
LogInit: Object subsystem initialized
LogConfig: Setting CVar [[con.DebugEarlyDefault:1]]
LogConfig: Setting CVar [[r.setres:1280x720]]
[2019.05.25-16.00.52:525][  0]LogConfig: Setting CVar [[r.VSync:0]]
[2019.05.25-16.00.52:525][  0]LogConfig: Setting CVar [[r.RHICmdBypass:0]]
[2019.05.25-16.00.52:525][  0]LogConfig: Applying CVar settings from Section [/Script/Engine.RendererSettings] File [E:/ACEDAMIC/3rd Year/SCS 3113 - Game development/GeometryCatcherStarter/Saved/Config/Windows/Engine.ini]
[2019.05.25-16.00.52:525][  0]LogConfig: Setting CVar [[r.GPUCrashDebugging:0]]
[2019.05.25-16.00.52:525][  0]LogConfig: Applying CVar settings from Section [/Script/Engine.RendererOverrideSettings] File [E:/ACEDAMIC/3rd Year/SCS 3113 - Game development/GeometryCatcherStarter/Saved/Config/Windows/Engine.ini]
[2019.05.25-16.00.52:525][  0]LogConfig: Applying CVar settings from Section [/Script/Engine.StreamingSettings] File [E:/ACEDAMIC/3rd Year/SCS 3113 - Game development/GeometryCatcherStarter/Saved/Config/Windows/Engine.ini]
[2019.05.25-16.00.52:525][  0]LogConfig: Setting CVar [[s.MinBulkDataSizeForAsyncLoading:131072]]
[2019.05.25-16.00.52:525][  0]LogConfig: Setting CVar [[s.AsyncLoadingThreadEnabled:0]]
[2019.05.25-16.00.52:525][  0]LogConfig: Setting CVar [[s.EventDrivenLoaderEnabled:1]]
[2019.05.25-16.00.52:525][  0]LogConfig: Setting CVar [[s.WarnIfTimeLimitExceeded:0]]
[2019.05.25-16.00.52:525][  0]LogConfig: Setting CVar [[s.TimeLimitExceededMultiplier:1.5]]
[2019.05.25-16.00.52:525][  0]LogConfig: Setting CVar [[s.TimeLimitExceededMinTime:0.005]]
[2019.05.25-16.00.52:525][  0]LogConfig: Setting CVar [[s.UseBackgroundLevelStreaming:1]]
[2019.05.25-16.00.52:525][  0]LogConfig: Setting CVar [[s.PriorityAsyncLoadingExtraTime:15.0]]
[2019.05.25-16.00.52:525][  0]LogConfig: Setting CVar [[s.LevelStreamingActorsUpdateTimeLimit:5.0]]
[2019.05.25-16.00.52:525][  0]LogConfig: Setting CVar [[s.PriorityLevelStreamingActorsUpdateExtraTime:5.0]]
[2019.05.25-16.00.52:525][  0]LogConfig: Setting CVar [[s.LevelStreamingComponentsRegistrationGranularity:10]]
[2019.05.25-16.00.52:526][  0]LogConfig: Setting CVar [[s.UnregisterComponentsTimeLimit:1.0]]
[2019.05.25-16.00.52:526][  0]LogConfig: Setting CVar [[s.LevelStreamingComponentsUnregistrationGranularity:5]]
[2019.05.25-16.00.52:526][  0]LogConfig: Applying CVar settings from Section [/Script/Engine.GarbageCollectionSettings] File [E:/ACEDAMIC/3rd Year/SCS 3113 - Game development/GeometryCatcherStarter/Saved/Config/Windows/Engine.ini]
[2019.05.25-16.00.52:526][  0]LogConfig: Setting CVar [[gc.MaxObjectsNotConsideredByGC:1]]
[2019.05.25-16.00.52:526][  0]LogConfig: Setting CVar [[gc.SizeOfPermanentObjectPool:0]]
[2019.05.25-16.00.52:526][  0]LogConfig: Setting CVar [[gc.FlushStreamingOnGC:0]]
[2019.05.25-16.00.52:526][  0]LogConfig: Setting CVar [[gc.NumRetriesBeforeForcingGC:10]]
[2019.05.25-16.00.52:526][  0]LogConfig: Setting CVar [[gc.AllowParallelGC:1]]
[2019.05.25-16.00.52:526][  0]LogConfig: Setting CVar [[gc.TimeBetweenPurgingPendingKillObjects:61.1]]
[2019.05.25-16.00.52:526][  0]LogConfig: Setting CVar [[gc.MaxObjectsInEditor:16777216]]
[2019.05.25-16.00.52:526][  0]LogConfig: Setting CVar [[gc.IncrementalBeginDestroyEnabled:1]]
[2019.05.25-16.00.52:526][  0]LogConfig: Setting CVar [[gc.CreateGCClusters:1]]
[2019.05.25-16.00.52:526][  0]LogConfig: Setting CVar [[gc.MinGCClusterSize:5]]
[2019.05.25-16.00.52:526][  0]LogConfig: Setting CVar [[gc.ActorClusteringEnabled:0]]
[2019.05.25-16.00.52:526][  0]LogConfig: Setting CVar [[gc.BlueprintClusteringEnabled:0]]
[2019.05.25-16.00.52:526][  0]LogConfig: Setting CVar [[gc.UseDisregardForGCOnDedicatedServers:0]]
[2019.05.25-16.00.52:526][  0]LogConfig: Applying CVar settings from Section [/Script/Engine.NetworkSettings] File [E:/ACEDAMIC/3rd Year/SCS 3113 - Game development/GeometryCatcherStarter/Saved/Config/Windows/Engine.ini]
[2019.05.25-16.00.52:526][  0]LogConfig: Applying CVar settings from Section [/Script/UnrealEd.CookerSettings] File [E:/ACEDAMIC/3rd Year/SCS 3113 - Game development/GeometryCatcherStarter/Saved/Config/Windows/Engine.ini]
[2019.05.25-16.00.52:631][  0]LogConfig: Applying CVar settings from Section [ViewDistanceQuality@3] File [E:/ACEDAMIC/3rd Year/SCS 3113 - Game development/GeometryCatcherStarter/Saved/Config/Windows/Scalability.ini]
[2019.05.25-16.00.52:631][  0]LogConfig: Setting CVar [[r.SkeletalMeshLODBias:0]]
[2019.05.25-16.00.52:631][  0]LogConfig: Setting CVar [[r.ViewDistanceScale:1.0]]
[2019.05.25-16.00.52:631][  0]LogConfig: Applying CVar settings from Section [AntiAliasingQuality@3] File [E:/ACEDAMIC/3rd Year/SCS 3113 - Game development/GeometryCatcherStarter/Saved/Config/Windows/Scalability.ini]
[2019.05.25-16.00.52:631][  0]LogConfig: Setting CVar [[r.PostProcessAAQuality:4]]
[2019.05.25-16.00.52:631][  0]LogConfig: Applying CVar settings from Section [ShadowQuality@3] File [E:/ACEDAMIC/3rd Year/SCS 3113 - Game development/GeometryCatcherStarter/Saved/Config/Windows/Scalability.ini]
[2019.05.25-16.00.52:631][  0]LogConfig: Setting CVar [[r.LightFunctionQuality:1]]
[2019.05.25-16.00.52:631][  0]LogConfig: Setting CVar [[r.ShadowQuality:5]]
[2019.05.25-16.00.52:631][  0]LogConfig: Setting CVar [[r.Shadow.CSM.MaxCascades:10]]
[2019.05.25-16.00.52:631][  0]LogConfig: Setting CVar [[r.Shadow.MaxResolution:2048]]
[2019.05.25-16.00.52:631][  0]LogConfig: Setting CVar [[r.Shadow.MaxCSMResolution:2048]]
[2019.05.25-16.00.52:631][  0]LogConfig: Setting CVar [[r.Shadow.RadiusThreshold:0.01]]
[2019.05.25-16.00.52:631][  0]LogConfig: Setting CVar [[r.Shadow.DistanceScale:1.0]]
[2019.05.25-16.00.52:631][  0]LogConfig: Setting CVar [[r.Shadow.CSM.TransitionScale:1.0]]
[2019.05.25-16.00.52:631][  0]LogConfig: Setting CVar [[r.Shadow.PreShadowResolutionFactor:1.0]]
[2019.05.25-16.00.52:631][  0]LogConfig: Setting CVar [[r.DistanceFieldShadowing:1]]
[2019.05.25-16.00.52:631][  0]LogConfig: Setting CVar [[r.DistanceFieldAO:1]]
[2019.05.25-16.00.52:631][  0]LogConfig: Setting CVar [[r.AOQuality:2]]
[2019.05.25-16.00.52:632][  0]LogConfig: Setting CVar [[r.VolumetricFog:1]]
[2019.05.25-16.00.52:632][  0]LogConfig: Setting CVar [[r.VolumetricFog.GridPixelSize:8]]
[2019.05.25-16.00.52:632][  0]LogConfig: Setting CVar [[r.VolumetricFog.GridSizeZ:128]]
[2019.05.25-16.00.52:632][  0]LogConfig: Setting CVar [[r.VolumetricFog.HistoryMissSupersampleCount:4]]
[2019.05.25-16.00.52:632][  0]LogConfig: Setting CVar [[r.LightMaxDrawDistanceScale:1]]
[2019.05.25-16.00.52:632][  0]LogConfig: Setting CVar [[r.CapsuleShadows:1]]
[2019.05.25-16.00.52:632][  0]LogConfig: Applying CVar settings from Section [PostProcessQuality@3] File [E:/ACEDAMIC/3rd Year/SCS 3113 - Game development/GeometryCatcherStarter/Saved/Config/Windows/Scalability.ini]
[2019.05.25-16.00.52:632][  0]LogConfig: Setting CVar [[r.MotionBlurQuality:4]]
[2019.05.25-16.00.52:632][  0]LogConfig: Setting CVar [[r.AmbientOcclusionMipLevelFactor:0.4]]
[2019.05.25-16.00.52:632][  0]LogConfig: Setting CVar [[r.AmbientOcclusionMaxQuality:100]]
[2019.05.25-16.00.52:632][  0]LogConfig: Setting CVar [[r.AmbientOcclusionLevels:-1]]
[2019.05.25-16.00.52:632][  0]LogConfig: Setting CVar [[r.AmbientOcclusionRadiusScale:1.0]]
[2019.05.25-16.00.52:632][  0]LogConfig: Setting CVar [[r.DepthOfFieldQuality:2]]
[2019.05.25-16.00.52:632][  0]LogConfig: Setting CVar [[r.RenderTargetPoolMin:400]]
[2019.05.25-16.00.52:632][  0]LogConfig: Setting CVar [[r.LensFlareQuality:2]]
[2019.05.25-16.00.52:632][  0]LogConfig: Setting CVar [[r.SceneColorFringeQuality:1]]
[2019.05.25-16.00.52:632][  0]LogConfig: Setting CVar [[r.EyeAdaptationQuality:2]]
[2019.05.25-16.00.52:632][  0]LogConfig: Setting CVar [[r.BloomQuality:5]]
[2019.05.25-16.00.52:632][  0]LogConfig: Setting CVar [[r.FastBlurThreshold:100]]
[2019.05.25-16.00.52:632][  0]LogConfig: Setting CVar [[r.Upscale.Quality:3]]
[2019.05.25-16.00.52:632][  0]LogConfig: Setting CVar [[r.Tonemapper.GrainQuantization:1]]
[2019.05.25-16.00.52:632][  0]LogConfig: Setting CVar [[r.LightShaftQuality:1]]
[2019.05.25-16.00.52:632][  0]LogConfig: Setting CVar [[r.Filter.SizeScale:1]]
[2019.05.25-16.00.52:632][  0]LogConfig: Setting CVar [[r.Tonemapper.Quality:5]]
[2019.05.25-16.00.52:632][  0]LogConfig: Setting CVar [[r.DOF.Gather.AccumulatorQuality:1        ; higher gathering accumulator quality]]
[2019.05.25-16.00.52:632][  0]LogConfig: Setting CVar [[r.DOF.Gather.PostfilterMethod:1          ; Median3x3 postfilering method]]
[2019.05.25-16.00.52:632][  0]LogConfig: Setting CVar [[r.DOF.Gather.EnableBokehSettings:0       ; no bokeh simulation when gathering]]
[2019.05.25-16.00.52:632][  0]LogConfig: Setting CVar [[r.DOF.Gather.RingCount:4                 ; medium number of samples when gathering]]
[2019.05.25-16.00.52:632][  0]LogConfig: Setting CVar [[r.DOF.Scatter.ForegroundCompositing:1    ; additive foreground scattering]]
[2019.05.25-16.00.52:632][  0]LogConfig: Setting CVar [[r.DOF.Scatter.BackgroundCompositing:2    ; additive background scattering]]
[2019.05.25-16.00.52:632][  0]LogConfig: Setting CVar [[r.DOF.Scatter.EnableBokehSettings:1      ; bokeh simulation when scattering]]
[2019.05.25-16.00.52:632][  0]LogConfig: Setting CVar [[r.DOF.Scatter.MaxSpriteRatio:0.1         ; only a maximum of 10% of scattered bokeh]]
[2019.05.25-16.00.52:632][  0]LogConfig: Setting CVar [[r.DOF.Recombine.Quality:1                ; cheap slight out of focus]]
[2019.05.25-16.00.52:632][  0]LogConfig: Setting CVar [[r.DOF.Recombine.EnableBokehSettings:0    ; no bokeh simulation on slight out of focus]]
[2019.05.25-16.00.52:632][  0]LogConfig: Setting CVar [[r.DOF.TemporalAAQuality:1                ; more stable temporal accumulation]]
[2019.05.25-16.00.52:632][  0]LogConfig: Setting CVar [[r.DOF.Kernel.MaxForegroundRadius:0.025]]
[2019.05.25-16.00.52:632][  0]LogConfig: Setting CVar [[r.DOF.Kernel.MaxBackgroundRadius:0.025]]
[2019.05.25-16.00.52:632][  0]LogConfig: Applying CVar settings from Section [TextureQuality@3] File [E:/ACEDAMIC/3rd Year/SCS 3113 - Game development/GeometryCatcherStarter/Saved/Config/Windows/Scalability.ini]
[2019.05.25-16.00.52:632][  0]LogConfig: Setting CVar [[r.Streaming.MipBias:0]]
[2019.05.25-16.00.52:632][  0]LogConfig: Setting CVar [[r.Streaming.AmortizeCPUToGPUCopy:0]]
[2019.05.25-16.00.52:632][  0]LogConfig: Setting CVar [[r.Streaming.MaxNumTexturesToStreamPerFrame:0]]
[2019.05.25-16.00.52:632][  0]LogConfig: Setting CVar [[r.Streaming.Boost:1]]
[2019.05.25-16.00.52:632][  0]LogConfig: Setting CVar [[r.MaxAnisotropy:8]]
[2019.05.25-16.00.52:632][  0]LogConfig: Setting CVar [[r.Streaming.LimitPoolSizeToVRAM:0]]
[2019.05.25-16.00.52:632][  0]LogConfig: Setting CVar [[r.Streaming.PoolSize:1000]]
[2019.05.25-16.00.52:632][  0]LogConfig: Setting CVar [[r.Streaming.MaxEffectiveScreenSize:0]]
[2019.05.25-16.00.52:632][  0]LogConfig: Applying CVar settings from Section [EffectsQuality@3] File [E:/ACEDAMIC/3rd Year/SCS 3113 - Game development/GeometryCatcherStarter/Saved/Config/Windows/Scalability.ini]
[2019.05.25-16.00.52:632][  0]LogConfig: Setting CVar [[r.TranslucencyLightingVolumeDim:64]]
[2019.05.25-16.00.52:632][  0]LogConfig: Setting CVar [[r.RefractionQuality:2]]
[2019.05.25-16.00.52:632][  0]LogConfig: Setting CVar [[r.SSR.Quality:3]]
[2019.05.25-16.00.52:632][  0]LogConfig: Setting CVar [[r.SceneColorFormat:4]]
[2019.05.25-16.00.52:633][  0]LogConfig: Setting CVar [[r.DetailMode:2]]
[2019.05.25-16.00.52:633][  0]LogConfig: Setting CVar [[r.TranslucencyVolumeBlur:1]]
[2019.05.25-16.00.52:633][  0]LogConfig: Setting CVar [[r.MaterialQualityLevel:1 ; High quality]]
[2019.05.25-16.00.52:633][  0]LogConfig: Setting CVar [[r.SSS.Scale:1]]
[2019.05.25-16.00.52:633][  0]LogConfig: Setting CVar [[r.SSS.SampleSet:2]]
[2019.05.25-16.00.52:633][  0]LogConfig: Setting CVar [[r.SSS.Quality:1]]
[2019.05.25-16.00.52:633][  0]LogConfig: Setting CVar [[r.SSS.HalfRes:1]]
[2019.05.25-16.00.52:633][  0]LogConfig: Setting CVar [[r.EmitterSpawnRateScale:1.0]]
[2019.05.25-16.00.52:633][  0]LogConfig: Setting CVar [[r.ParticleLightQuality:2]]
[2019.05.25-16.00.52:633][  0]LogConfig: Applying CVar settings from Section [FoliageQuality@3] File [E:/ACEDAMIC/3rd Year/SCS 3113 - Game development/GeometryCatcherStarter/Saved/Config/Windows/Scalability.ini]
[2019.05.25-16.00.52:633][  0]LogConfig: Setting CVar [[foliage.DensityScale:1.0]]
[2019.05.25-16.00.52:633][  0]LogConfig: Setting CVar [[grass.DensityScale:1.0]]
[2019.05.25-16.00.52:638][  0]LogInit: Selected Device Profile: [Windows]
[2019.05.25-16.00.52:638][  0]LogInit: Applying CVar settings loaded from the selected device profile: [Windows]
[2019.05.25-16.00.52:755][  0]LogHAL: Display: Platform has ~ 8 GB [8450043904 / 8589934592 / 8], which maps to Default [LargestMinGB=32, LargerMinGB=12, DefaultMinGB=8, SmallerMinGB=6, SmallestMinGB=0)
[2019.05.25-16.00.52:756][  0]LogConfig: Setting CVar [[r.Vulkan.UseRealUBs:0		; Required until we fix HLR fall-out]]
[2019.05.25-16.00.52:756][  0]LogInit: Going up to parent DeviceProfile []
[2019.05.25-16.00.52:759][  0]LogConfig: Applying CVar settings from Section [ViewDistanceQuality@3] File [E:/ACEDAMIC/3rd Year/SCS 3113 - Game development/GeometryCatcherStarter/Saved/Config/Windows/Scalability.ini]
[2019.05.25-16.00.52:759][  0]LogConfig: Setting CVar [[r.SkeletalMeshLODBias:0]]
[2019.05.25-16.00.52:759][  0]LogConfig: Setting CVar [[r.ViewDistanceScale:1.0]]
[2019.05.25-16.00.52:759][  0]LogConfig: Applying CVar settings from Section [AntiAliasingQuality@3] File [E:/ACEDAMIC/3rd Year/SCS 3113 - Game development/GeometryCatcherStarter/Saved/Config/Windows/Scalability.ini]
[2019.05.25-16.00.52:759][  0]LogConfig: Setting CVar [[r.PostProcessAAQuality:4]]
[2019.05.25-16.00.52:759][  0]LogConfig: Applying CVar settings from Section [ShadowQuality@3] File [E:/ACEDAMIC/3rd Year/SCS 3113 - Game development/GeometryCatcherStarter/Saved/Config/Windows/Scalability.ini]
[2019.05.25-16.00.52:759][  0]LogConfig: Setting CVar [[r.LightFunctionQuality:1]]
[2019.05.25-16.00.52:759][  0]LogConfig: Setting CVar [[r.ShadowQuality:5]]
[2019.05.25-16.00.52:759][  0]LogConfig: Setting CVar [[r.Shadow.CSM.MaxCascades:10]]
[2019.05.25-16.00.52:759][  0]LogConfig: Setting CVar [[r.Shadow.MaxResolution:2048]]
[2019.05.25-16.00.52:759][  0]LogConfig: Setting CVar [[r.Shadow.MaxCSMResolution:2048]]
[2019.05.25-16.00.52:759][  0]LogConfig: Setting CVar [[r.Shadow.RadiusThreshold:0.01]]
[2019.05.25-16.00.52:759][  0]LogConfig: Setting CVar [[r.Shadow.DistanceScale:1.0]]
[2019.05.25-16.00.52:759][  0]LogConfig: Setting CVar [[r.Shadow.CSM.TransitionScale:1.0]]
[2019.05.25-16.00.52:759][  0]LogConfig: Setting CVar [[r.Shadow.PreShadowResolutionFactor:1.0]]
[2019.05.25-16.00.52:759][  0]LogConfig: Setting CVar [[r.DistanceFieldShadowing:1]]
[2019.05.25-16.00.52:759][  0]LogConfig: Setting CVar [[r.DistanceFieldAO:1]]
[2019.05.25-16.00.52:759][  0]LogConfig: Setting CVar [[r.AOQuality:2]]
[2019.05.25-16.00.52:759][  0]LogConfig: Setting CVar [[r.VolumetricFog:1]]
[2019.05.25-16.00.52:759][  0]LogConfig: Setting CVar [[r.VolumetricFog.GridPixelSize:8]]
[2019.05.25-16.00.52:759][  0]LogConfig: Setting CVar [[r.VolumetricFog.GridSizeZ:128]]
[2019.05.25-16.00.52:759][  0]LogConfig: Setting CVar [[r.VolumetricFog.HistoryMissSupersampleCount:4]]
[2019.05.25-16.00.52:759][  0]LogConfig: Setting CVar [[r.LightMaxDrawDistanceScale:1]]
[2019.05.25-16.00.52:759][  0]LogConfig: Setting CVar [[r.CapsuleShadows:1]]
[2019.05.25-16.00.52:759][  0]LogConfig: Applying CVar settings from Section [PostProcessQuality@3] File [E:/ACEDAMIC/3rd Year/SCS 3113 - Game development/GeometryCatcherStarter/Saved/Config/Windows/Scalability.ini]
[2019.05.25-16.00.52:759][  0]LogConfig: Setting CVar [[r.MotionBlurQuality:4]]
[2019.05.25-16.00.52:759][  0]LogConfig: Setting CVar [[r.AmbientOcclusionMipLevelFactor:0.4]]
[2019.05.25-16.00.52:759][  0]LogConfig: Setting CVar [[r.AmbientOcclusionMaxQuality:100]]
[2019.05.25-16.00.52:760][  0]LogConfig: Setting CVar [[r.AmbientOcclusionLevels:-1]]
[2019.05.25-16.00.52:760][  0]LogConfig: Setting CVar [[r.AmbientOcclusionRadiusScale:1.0]]
[2019.05.25-16.00.52:760][  0]LogConfig: Setting CVar [[r.DepthOfFieldQuality:2]]
[2019.05.25-16.00.52:760][  0]LogConfig: Setting CVar [[r.RenderTargetPoolMin:400]]
[2019.05.25-16.00.52:760][  0]LogConfig: Setting CVar [[r.LensFlareQuality:2]]
[2019.05.25-16.00.52:760][  0]LogConfig: Setting CVar [[r.SceneColorFringeQuality:1]]
[2019.05.25-16.00.52:760][  0]LogConfig: Setting CVar [[r.EyeAdaptationQuality:2]]
[2019.05.25-16.00.52:760][  0]LogConfig: Setting CVar [[r.BloomQuality:5]]
[2019.05.25-16.00.52:760][  0]LogConfig: Setting CVar [[r.FastBlurThreshold:100]]
[2019.05.25-16.00.52:760][  0]LogConfig: Setting CVar [[r.Upscale.Quality:3]]
[2019.05.25-16.00.52:760][  0]LogConfig: Setting CVar [[r.Tonemapper.GrainQuantization:1]]
[2019.05.25-16.00.52:760][  0]LogConfig: Setting CVar [[r.LightShaftQuality:1]]
[2019.05.25-16.00.52:760][  0]LogConfig: Setting CVar [[r.Filter.SizeScale:1]]
[2019.05.25-16.00.52:760][  0]LogConfig: Setting CVar [[r.Tonemapper.Quality:5]]
[2019.05.25-16.00.52:760][  0]LogConfig: Setting CVar [[r.DOF.Gather.AccumulatorQuality:1        ; higher gathering accumulator quality]]
[2019.05.25-16.00.52:760][  0]LogConfig: Setting CVar [[r.DOF.Gather.PostfilterMethod:1          ; Median3x3 postfilering method]]
[2019.05.25-16.00.52:760][  0]LogConfig: Setting CVar [[r.DOF.Gather.EnableBokehSettings:0       ; no bokeh simulation when gathering]]
[2019.05.25-16.00.52:760][  0]LogConfig: Setting CVar [[r.DOF.Gather.RingCount:4                 ; medium number of samples when gathering]]
[2019.05.25-16.00.52:760][  0]LogConfig: Setting CVar [[r.DOF.Scatter.ForegroundCompositing:1    ; additive foreground scattering]]
[2019.05.25-16.00.52:760][  0]LogConfig: Setting CVar [[r.DOF.Scatter.BackgroundCompositing:2    ; additive background scattering]]
[2019.05.25-16.00.52:760][  0]LogConfig: Setting CVar [[r.DOF.Scatter.EnableBokehSettings:1      ; bokeh simulation when scattering]]
[2019.05.25-16.00.52:760][  0]LogConfig: Setting CVar [[r.DOF.Scatter.MaxSpriteRatio:0.1         ; only a maximum of 10% of scattered bokeh]]
[2019.05.25-16.00.52:760][  0]LogConfig: Setting CVar [[r.DOF.Recombine.Quality:1                ; cheap slight out of focus]]
[2019.05.25-16.00.52:760][  0]LogConfig: Setting CVar [[r.DOF.Recombine.EnableBokehSettings:0    ; no bokeh simulation on slight out of focus]]
[2019.05.25-16.00.52:760][  0]LogConfig: Setting CVar [[r.DOF.TemporalAAQuality:1                ; more stable temporal accumulation]]
[2019.05.25-16.00.52:760][  0]LogConfig: Setting CVar [[r.DOF.Kernel.MaxForegroundRadius:0.025]]
[2019.05.25-16.00.52:760][  0]LogConfig: Setting CVar [[r.DOF.Kernel.MaxBackgroundRadius:0.025]]
[2019.05.25-16.00.52:760][  0]LogConfig: Applying CVar settings from Section [TextureQuality@3] File [E:/ACEDAMIC/3rd Year/SCS 3113 - Game development/GeometryCatcherStarter/Saved/Config/Windows/Scalability.ini]
[2019.05.25-16.00.52:760][  0]LogConfig: Setting CVar [[r.Streaming.MipBias:0]]
[2019.05.25-16.00.52:760][  0]LogConfig: Setting CVar [[r.Streaming.AmortizeCPUToGPUCopy:0]]
[2019.05.25-16.00.52:760][  0]LogConfig: Setting CVar [[r.Streaming.MaxNumTexturesToStreamPerFrame:0]]
[2019.05.25-16.00.52:760][  0]LogConfig: Setting CVar [[r.Streaming.Boost:1]]
[2019.05.25-16.00.52:760][  0]LogConfig: Setting CVar [[r.MaxAnisotropy:8]]
[2019.05.25-16.00.52:760][  0]LogConfig: Setting CVar [[r.Streaming.LimitPoolSizeToVRAM:0]]
[2019.05.25-16.00.52:760][  0]LogConfig: Setting CVar [[r.Streaming.PoolSize:1000]]
[2019.05.25-16.00.52:760][  0]LogConfig: Setting CVar [[r.Streaming.MaxEffectiveScreenSize:0]]
[2019.05.25-16.00.52:760][  0]LogConfig: Applying CVar settings from Section [EffectsQuality@3] File [E:/ACEDAMIC/3rd Year/SCS 3113 - Game development/GeometryCatcherStarter/Saved/Config/Windows/Scalability.ini]
[2019.05.25-16.00.52:760][  0]LogConfig: Setting CVar [[r.TranslucencyLightingVolumeDim:64]]
[2019.05.25-16.00.52:760][  0]LogConfig: Setting CVar [[r.RefractionQuality:2]]
[2019.05.25-16.00.52:760][  0]LogConfig: Setting CVar [[r.SSR.Quality:3]]
[2019.05.25-16.00.52:760][  0]LogConfig: Setting CVar [[r.SceneColorFormat:4]]
[2019.05.25-16.00.52:760][  0]LogConfig: Setting CVar [[r.DetailMode:2]]
[2019.05.25-16.00.52:760][  0]LogConfig: Setting CVar [[r.TranslucencyVolumeBlur:1]]
[2019.05.25-16.00.52:760][  0]LogConfig: Setting CVar [[r.MaterialQualityLevel:1 ; High quality]]
[2019.05.25-16.00.52:760][  0]LogConfig: Setting CVar [[r.SSS.Scale:1]]
[2019.05.25-16.00.52:760][  0]LogConfig: Setting CVar [[r.SSS.SampleSet:2]]
[2019.05.25-16.00.52:760][  0]LogConfig: Setting CVar [[r.SSS.Quality:1]]
[2019.05.25-16.00.52:760][  0]LogConfig: Setting CVar [[r.SSS.HalfRes:1]]
[2019.05.25-16.00.52:760][  0]LogConfig: Setting CVar [[r.EmitterSpawnRateScale:1.0]]
[2019.05.25-16.00.52:760][  0]LogConfig: Setting CVar [[r.ParticleLightQuality:2]]
[2019.05.25-16.00.52:760][  0]LogConfig: Applying CVar settings from Section [FoliageQuality@3] File [E:/ACEDAMIC/3rd Year/SCS 3113 - Game development/GeometryCatcherStarter/Saved/Config/Windows/Scalability.ini]
[2019.05.25-16.00.52:761][  0]LogConfig: Setting CVar [[foliage.DensityScale:1.0]]
[2019.05.25-16.00.52:761][  0]LogConfig: Setting CVar [[grass.DensityScale:1.0]]
[2019.05.25-16.00.52:761][  0]LogConfig: Applying CVar settings from Section [Startup] File [../../../Engine/Config/ConsoleVariables.ini]
[2019.05.25-16.00.52:792][  0]LogConfig: Setting CVar [[net.UseAdaptiveNetUpdateFrequency:0]]
[2019.05.25-16.00.52:792][  0]LogConfig: Setting CVar [[p.chaos.AllowCreatePhysxBodies:1]]
[2019.05.25-16.00.52:792][  0]LogConfig: Applying CVar settings from Section [ConsoleVariables] File [E:/ACEDAMIC/3rd Year/SCS 3113 - Game development/GeometryCatcherStarter/Saved/Config/Windows/Engine.ini]
[2019.05.25-16.00.52:845][  0]LogInit: Computer: LAPTOP-GOLB6O3O
[2019.05.25-16.00.52:846][  0]LogInit: User: Acer
[2019.05.25-16.00.52:846][  0]LogInit: CPU Page size=4096, Cores=2
[2019.05.25-16.00.52:846][  0]LogInit: High frequency timer resolution =10.000000 MHz
[2019.05.25-16.00.52:847][  0]LogMemory: Memory total: Physical=7.9GB (8GB approx)
[2019.05.25-16.00.52:848][  0]LogMemory: Platform Memory Stats for Windows
[2019.05.25-16.00.52:848][  0]LogMemory: Process Physical Memory: 96.28 MB used, 96.29 MB peak
[2019.05.25-16.00.52:848][  0]LogMemory: Process Virtual Memory: 83.59 MB used, 83.59 MB peak
[2019.05.25-16.00.52:848][  0]LogMemory: Physical Memory: 4438.94 MB used,  3619.65 MB free, 8058.59 MB total
[2019.05.25-16.00.52:848][  0]LogMemory: Virtual Memory: 4635.12 MB used,  134213096.00 MB free, 134217728.00 MB total
[2019.05.25-16.00.54:764][  0]LogInit: Using OS detected language (en-US).
[2019.05.25-16.00.54:764][  0]LogInit: Using OS detected locale (en-US).
[2019.05.25-16.00.54:818][  0]LogTextLocalizationManager: No specific localization for 'en-US' exists, so the 'en' localization will be used.
[2019.05.25-16.00.55:972][  0]LogInit: Setting process to per monitor DPI aware
[2019.05.25-16.00.58:041][  0]LogSlate: New Slate User Created.  User Index 0, Is Virtual User: 0
[2019.05.25-16.00.58:041][  0]LogSlate: Slate User Registered.  User Index 0, Is Virtual User: 0
[2019.05.25-16.01.09:942][  0]LogHMD: Failed to initialize OpenVR with code 110
[2019.05.25-16.01.09:942][  0]LogD3D11RHI: D3D11 adapters:
[2019.05.25-16.01.10:295][  0]LogD3D11RHI:    0. 'NVIDIA GeForce 920M' (Feature Level 11_0)
[2019.05.25-16.01.10:295][  0]LogD3D11RHI:       2020/0/4029 MB DedicatedVideo/DedicatedSystem/SharedSystem, Outputs:1, VendorId:0x10de
[2019.05.25-16.01.10:390][  0]LogD3D11RHI:    1. 'Intel(R) HD Graphics 520' (Feature Level 11_0)
[2019.05.25-16.01.10:390][  0]LogD3D11RHI:       128/0/4029 MB DedicatedVideo/DedicatedSystem/SharedSystem, Outputs:0, VendorId:0x8086
[2019.05.25-16.01.10:472][  0]LogD3D11RHI:    2. 'Microsoft Basic Render Driver' (Feature Level 11_0)
[2019.05.25-16.01.10:472][  0]LogD3D11RHI:       0/0/4029 MB DedicatedVideo/DedicatedSystem/SharedSystem, Outputs:0, VendorId:0x1414
[2019.05.25-16.01.10:472][  0]LogD3D11RHI: Chosen D3D11 Adapter: 0
[2019.05.25-16.01.10:639][  0]LogD3D11RHI: Creating new Direct3DDevice
[2019.05.25-16.01.10:639][  0]LogD3D11RHI:     GPU DeviceId: 0x1299 (for the marketing name, search the web for "GPU Device Id")
[2019.05.25-16.01.10:639][  0]LogWindows: EnumDisplayDevices:
[2019.05.25-16.01.10:639][  0]LogWindows:    0. 'Intel(R) HD Graphics 520' (P:1 D:1)
[2019.05.25-16.01.10:640][  0]LogWindows:    1. 'Intel(R) HD Graphics 520' (P:0 D:0)
[2019.05.25-16.01.10:641][  0]LogWindows:    2. 'Intel(R) HD Graphics 520' (P:0 D:0)
[2019.05.25-16.01.10:641][  0]LogWindows: DebugString: PrimaryIsNotTheChoosenAdapter PrimaryIsNotTheChoosenAdapter PrimaryIsNotTheChoosenAdapter FoundDriverCount:0 
[2019.05.25-16.01.10:641][  0]LogD3D11RHI:     Adapter Name: NVIDIA GeForce 920M
[2019.05.25-16.01.10:641][  0]LogD3D11RHI:   Driver Version: Unknown (internal:Unknown, unified:Unknown)
[2019.05.25-16.01.10:641][  0]LogD3D11RHI:      Driver Date: Unknown
[2019.05.25-16.01.10:641][  0]LogRHI: Texture pool is 1414 MB (70% of 2020 MB)
[2019.05.25-16.01.10:846][  0]LogD3D11RHI: Async texture creation enabled
[2019.05.25-16.01.11:182][  0]LogRendererCore: FGlobalReadBuffer::InitRHI
[2019.05.25-16.01.11:223][  0]LogRendererCore: FGlobalReadBuffer::InitRHI
[2019.05.25-16.01.11:223][  0]LogRendererCore: FGlobalReadBuffer::InitRHI
[2019.05.25-16.01.11:435][  0]LogD3D11RHI: GPU Timing Frequency: 1000.000000 (Debug: 2 14)
[2019.05.25-16.01.17:528][  0]LogTemp: Display: Module 'AllDesktopTargetPlatform' loaded TargetPlatform 'AllDesktop'
[2019.05.25-16.01.17:571][  0]LogTemp: Display: Module 'MacClientTargetPlatform' loaded TargetPlatform 'MacClient'
[2019.05.25-16.01.17:659][  0]LogTemp: Display: Module 'MacNoEditorTargetPlatform' loaded TargetPlatform 'MacNoEditor'
[2019.05.25-16.01.17:879][  0]LogTemp: Display: Module 'MacServerTargetPlatform' loaded TargetPlatform 'MacServer'
[2019.05.25-16.01.18:024][  0]LogTemp: Display: Module 'MacTargetPlatform' loaded TargetPlatform 'Mac'
[2019.05.25-16.01.18:247][  0]LogTemp: Display: Module 'WindowsClientTargetPlatform' loaded TargetPlatform 'WindowsClient'
[2019.05.25-16.01.18:283][  0]LogTemp: Display: Module 'WindowsNoEditorTargetPlatform' loaded TargetPlatform 'WindowsNoEditor'
[2019.05.25-16.01.18:429][  0]LogTemp: Display: Module 'WindowsServerTargetPlatform' loaded TargetPlatform 'WindowsServer'
[2019.05.25-16.01.18:810][  0]LogTemp: Display: Module 'WindowsTargetPlatform' loaded TargetPlatform 'Windows'
[2019.05.25-16.01.19:337][  0]LogTemp: Display: Module 'AndroidTargetPlatform' loaded TargetPlatform 'Android'
[2019.05.25-16.01.19:337][  0]LogTemp: Display: Module 'AndroidTargetPlatform' loaded TargetPlatform 'Android_ASTC'
[2019.05.25-16.01.19:337][  0]LogTemp: Display: Module 'AndroidTargetPlatform' loaded TargetPlatform 'Android_ATC'
[2019.05.25-16.01.19:337][  0]LogTemp: Display: Module 'AndroidTargetPlatform' loaded TargetPlatform 'Android_DXT'
[2019.05.25-16.01.19:337][  0]LogTemp: Display: Module 'AndroidTargetPlatform' loaded TargetPlatform 'Android_ETC1'
[2019.05.25-16.01.19:337][  0]LogTemp: Display: Module 'AndroidTargetPlatform' loaded TargetPlatform 'Android_ETC1a'
[2019.05.25-16.01.19:337][  0]LogTemp: Display: Module 'AndroidTargetPlatform' loaded TargetPlatform 'Android_ETC2'
[2019.05.25-16.01.19:337][  0]LogTemp: Display: Module 'AndroidTargetPlatform' loaded TargetPlatform 'Android_PVRTC'
[2019.05.25-16.01.19:337][  0]LogTemp: Display: Module 'AndroidTargetPlatform' loaded TargetPlatform 'AndroidClient'
[2019.05.25-16.01.19:337][  0]LogTemp: Display: Module 'AndroidTargetPlatform' loaded TargetPlatform 'Android_ASTCClient'
[2019.05.25-16.01.19:337][  0]LogTemp: Display: Module 'AndroidTargetPlatform' loaded TargetPlatform 'Android_ATCClient'
[2019.05.25-16.01.19:337][  0]LogTemp: Display: Module 'AndroidTargetPlatform' loaded TargetPlatform 'Android_DXTClient'
[2019.05.25-16.01.19:337][  0]LogTemp: Display: Module 'AndroidTargetPlatform' loaded TargetPlatform 'Android_ETC1Client'
[2019.05.25-16.01.19:337][  0]LogTemp: Display: Module 'AndroidTargetPlatform' loaded TargetPlatform 'Android_ETC1aClient'
[2019.05.25-16.01.19:337][  0]LogTemp: Display: Module 'AndroidTargetPlatform' loaded TargetPlatform 'Android_ETC2Client'
[2019.05.25-16.01.19:337][  0]LogTemp: Display: Module 'AndroidTargetPlatform' loaded TargetPlatform 'Android_PVRTCClient'
[2019.05.25-16.01.19:337][  0]LogTemp: Display: Module 'AndroidTargetPlatform' loaded TargetPlatform 'Android_Multi'
[2019.05.25-16.01.19:337][  0]LogTemp: Display: Module 'AndroidTargetPlatform' loaded TargetPlatform 'Android_MultiClient'
[2019.05.25-16.01.19:381][  0]LogTemp: Display: Module 'HTML5TargetPlatform' loaded TargetPlatform 'HTML5'
[2019.05.25-16.01.19:628][  0]LogTemp: Display: Module 'IOSTargetPlatform' loaded TargetPlatform 'IOSClient'
[2019.05.25-16.01.19:628][  0]LogTemp: Display: Module 'IOSTargetPlatform' loaded TargetPlatform 'IOS'
[2019.05.25-16.01.19:785][  0]LogTemp: Display: Module 'TVOSTargetPlatform' loaded TargetPlatform 'TVOSClient'
[2019.05.25-16.01.19:785][  0]LogTemp: Display: Module 'TVOSTargetPlatform' loaded TargetPlatform 'TVOS'
[2019.05.25-16.01.20:003][  0]LogTemp: Display: Module 'LinuxClientTargetPlatform' loaded TargetPlatform 'LinuxClient'
[2019.05.25-16.01.20:117][  0]LogTemp: Display: Module 'LinuxNoEditorTargetPlatform' loaded TargetPlatform 'LinuxNoEditor'
[2019.05.25-16.01.20:270][  0]LogTemp: Display: Module 'LinuxServerTargetPlatform' loaded TargetPlatform 'LinuxServer'
[2019.05.25-16.01.20:449][  0]LogTemp: Display: Module 'LinuxTargetPlatform' loaded TargetPlatform 'Linux'
[2019.05.25-16.01.20:638][  0]LogTemp: Display: Module 'LuminTargetPlatform' loaded TargetPlatform 'Lumin'
[2019.05.25-16.01.20:638][  0]LogTemp: Display: Module 'LuminTargetPlatform' loaded TargetPlatform 'LuminClient'
[2019.05.25-16.01.20:638][  0]LogTargetPlatformManager: Display: Building Assets For Windows
[2019.05.25-16.01.21:082][  0]LogAudioDebug: Display: Lib vorbis DLL was dynamically loaded.
[2019.05.25-16.01.22:450][  0]LogShaderCompilers: Guid format shader working directory is -28 characters bigger than the processId version (E:/ACEDAMIC/3rd Year/SCS 3113 - Game development/GeometryCatcherStarter/Intermediate/Shaders/WorkingDirectory/222776/).
[2019.05.25-16.01.22:451][  0]LogShaderCompilers: Cleaned the shader compiler working directory 'C:/Users/Acer/AppData/Local/Temp/UnrealShaderWorkingDir/FFC1106141354A2DF4867F8BC54BB2AA/'.
[2019.05.25-16.01.22:595][  0]LogXGEController: Cleaning working directory: C:/Users/Acer/AppData/Local/Temp/UnrealXGEWorkingDir/
[2019.05.25-16.01.22:595][  0]LogXGEController: Cannot use XGE Controller as Incredibuild is not installed on this machine.
[2019.05.25-16.01.22:595][  0]LogShaderCompilers: Cannot use XGE Shader Compiler as Incredibuild is not installed on this machine.
[2019.05.25-16.01.22:595][  0]LogShaderCompilers: Display: Using Local Shader Compiler.
[2019.05.25-16.01.31:319][  0]LogDerivedDataCache: Display: Max Cache Size: 512 MB
[2019.05.25-16.01.32:267][  0]LogDerivedDataCache: Loaded boot cache 0.93s 73MB C:/Users/Acer/AppData/Local/UnrealEngine/4.22/DerivedDataCache/Boot.ddc.
[2019.05.25-16.01.32:267][  0]LogDerivedDataCache: Display: Loaded Boot cache: C:/Users/Acer/AppData/Local/UnrealEngine/4.22/DerivedDataCache/Boot.ddc
[2019.05.25-16.01.32:267][  0]LogDerivedDataCache: FDerivedDataBackendGraph:  Pak pak cache file E:/ACEDAMIC/3rd Year/SCS 3113 - Game development/GeometryCatcherStarter/DerivedDataCache/DDC.ddp not found, will not use a pak cache.
[2019.05.25-16.01.32:267][  0]LogDerivedDataCache: Unable to find inner node Pak for hierarchical cache Hierarchy.
[2019.05.25-16.01.32:267][  0]LogDerivedDataCache: FDerivedDataBackendGraph:  CompressedPak pak cache file E:/ACEDAMIC/3rd Year/SCS 3113 - Game development/GeometryCatcherStarter/DerivedDataCache/Compressed.ddp not found, will not use a pak cache.
[2019.05.25-16.01.32:267][  0]LogDerivedDataCache: Unable to find inner node CompressedPak for hierarchical cache Hierarchy.
[2019.05.25-16.01.32:424][  0]LogDerivedDataCache: Display: Pak cache opened for reading ../../../Engine/DerivedDataCache/Compressed.ddp.
[2019.05.25-16.01.32:424][  0]LogDerivedDataCache: FDerivedDataBackendGraph:  EnterprisePak pak cache file ../../../Enterprise/DerivedDataCache/Compressed.ddp not found, will not use a pak cache.
[2019.05.25-16.01.32:424][  0]LogDerivedDataCache: Unable to find inner node EnterprisePak for hierarchical cache Hierarchy.
[2019.05.25-16.01.32:480][  0]LogDerivedDataCache: Using Local data cache path C:/Users/Acer/AppData/Local/UnrealEngine/Common/DerivedDataCache: Writable
[2019.05.25-16.01.32:480][  0]LogDerivedDataCache: Shared data cache path not found in *engine.ini, will not use an Shared cache.
[2019.05.25-16.01.32:480][  0]LogDerivedDataCache: Unable to find inner node Shared for hierarchical cache Hierarchy.
[2019.05.25-16.01.32:602][  0]LogMaterial: Verifying Global Shaders for PCD3D_SM5
[2019.05.25-16.01.32:761][  0]LogSlate: Using FreeType 2.6.0
[2019.05.25-16.01.32:962][  0]LogSlate: SlateFontServices - WITH_FREETYPE: 1, WITH_HARFBUZZ: 1
[2019.05.25-16.01.37:323][  0]LogAssetRegistry: FAssetRegistry took 0.0625 seconds to start up
[2019.05.25-16.01.45:145][  0]LogInit: Selected Device Profile: [Windows]
[2019.05.25-16.01.47:531][  0]LogMeshReduction: Using QuadricMeshReduction for automatic static mesh reduction
[2019.05.25-16.01.47:531][  0]LogMeshReduction: Using SimplygonMeshReduction for automatic skeletal mesh reduction
[2019.05.25-16.01.47:531][  0]LogMeshReduction: Using ProxyLODMeshReduction for automatic mesh merging
[2019.05.25-16.01.47:531][  0]LogMeshReduction: No distributed automatic mesh merging module available
[2019.05.25-16.01.47:550][  0]LogMeshMerging: No distributed automatic mesh merging module available
[2019.05.25-16.01.48:340][  0]LogNetVersion: GeometryCatcher 1.0.0, NetCL: 5660361, EngineNetVer: 10, GameNetVer: 0 (Checksum: 537931204)
[2019.05.25-16.01.59:030][  0]LogPackageLocalizationCache: Processed 10 localized package path(s) for 1 prioritized culture(s) in 0.245031 seconds
[2019.05.25-16.01.59:046][  0]LogUObjectArray: 42205 objects as part of root set at end of initial load.
[2019.05.25-16.01.59:046][  0]LogUObjectAllocator: 7325032 out of 0 bytes used by permanent object pool.
[2019.05.25-16.01.59:046][  0]LogUObjectArray: CloseDisregardForGC: 0/0 objects in disregard for GC pool
[2019.05.25-16.02.37:657][  0]LogTcpMessaging: Initializing TcpMessaging bridge
[2019.05.25-16.02.37:814][  0]LogUdpMessaging: Initializing bridge on interface 0.0.0.0:0 to multicast group 230.0.0.1:6666.
[2019.05.25-16.02.38:673][  0]SourceControl: Source control is disabled
[2019.05.25-16.02.38:697][  0]SourceControl: Source control is disabled
[2019.05.25-16.02.38:827][  0]SourceControl: Source control is disabled
[2019.05.25-16.02.38:849][  0]SourceControl: Source control is disabled
[2019.05.25-16.02.40:373][  0]LogAndroidPermission: UAndroidPermissionCallbackProxy::GetInstance
[2019.05.25-16.02.41:349][  0]LogOcInput: OculusInput pre-init called
[2019.05.25-16.02.44:716][  0]LogEngine: Initializing Engine...
[2019.05.25-16.02.44:760][  0]LogHMD: Failed to initialize OpenVR with code 110
[2019.05.25-16.02.44:898][  0]LogStats: UGameplayTagsManager::InitializeManager -  0.119 s
[2019.05.25-16.02.46:542][  0]LogInit: Initializing FReadOnlyCVARCache
[2019.05.25-16.02.47:229][  0]LogAIModule: Creating AISystem for world Untitled
[2019.05.25-16.02.47:608][  0]LogInit: XAudio2 using 'Speakers (Realtek High Definition Audio)' : 2 channels at 48 kHz using 32 bits per sample (channel mask 0x3)
[2019.05.25-16.02.47:714][  0]LogInit: FAudioDevice initialized.
[2019.05.25-16.02.47:715][  0]LogNetVersion: Set ProjectVersion to 1.0.0.0. Version Checksum will be recalculated on next use.
[2019.05.25-16.02.48:007][  0]LogDerivedDataCache: Saved boot cache 0.29s 71MB C:/Users/Acer/AppData/Local/UnrealEngine/4.22/DerivedDataCache/Boot.ddc.
[2019.05.25-16.02.48:037][  0]LogInit: Texture streaming: Enabled
[2019.05.25-16.02.48:255][  0]LogEngineSessionManager: EngineSessionManager initialized
[2019.05.25-16.02.48:716][  0]LogInit: Transaction tracking system initialized
[2019.05.25-16.02.49:380][  0]BlueprintLog: New page: Editor Load
[2019.05.25-16.02.51:826][  0]LocalizationService: Localization service is disabled
[2019.05.25-16.02.58:218][  0]LogFileCache: Scanning file cache for directory 'E:/ACEDAMIC/3rd Year/SCS 3113 - Game development/GeometryCatcherStarter/Content/' took 0.04s
[2019.05.25-16.02.58:218][  0]LogCook: Display: Max memory allowance for cook 16384mb min free memory 0mb
[2019.05.25-16.02.58:219][  0]LogCook: Display: Mobile HDR setting 1
[2019.05.25-16.03.13:032][  0]SourceControl: Source control is disabled
[2019.05.25-16.03.13:115][  0]Cmd: MAP LOAD FILE="E:/ACEDAMIC/3rd Year/SCS 3113 - Game development/GeometryCatcherStarter/Content/GeometryCatcher/Maps/TutorialMap.umap" TEMPLATE=0 SHOWPROGRESS=1 FEATURELEVEL=3
[2019.05.25-16.03.13:565][  0]LightingResults: New page: Lighting Build
[2019.05.25-16.03.14:251][  0]MapCheck: New page: Map Check
[2019.05.25-16.03.14:251][  0]LightingResults: New page: Lighting Build
[2019.05.25-16.03.14:932][  0]LogUObjectHash: Compacting FUObjectHashTables data took   3.78ms
[2019.05.25-16.03.21:947][  0]LogAIModule: Creating AISystem for world TutorialMap
[2019.05.25-16.03.23:204][  0]LogEditorServer: Finished looking for orphan Actors (0.000 secs)
[2019.05.25-16.03.23:680][  0]LogUObjectHash: Compacting FUObjectHashTables data took   5.59ms
[2019.05.25-16.03.23:681][  0]Cmd: MAP CHECKDEP NOCLEARLOG
[2019.05.25-16.03.23:681][  0]MapCheck: Map check complete: 0 Error(s), 0 Warning(s), took 0.196ms to complete.
[2019.05.25-16.03.23:681][  0]LogFileHelpers: Loading map 'TutorialMap' took 10.619
[2019.05.25-16.03.28:793][  0]LogSlate: Updating window title bar state: overlay mode, drag disabled, window buttons hidden, title bar hidden
[2019.05.25-16.03.28:851][  0]LogSlate: Updating window title bar state: overlay mode, drag disabled, window buttons hidden, title bar hidden
[2019.05.25-16.03.28:868][  0]LogSlate: Updating window title bar state: overlay mode, drag disabled, window buttons hidden, title bar hidden
[2019.05.25-16.03.28:885][  0]LogSlate: Updating window title bar state: overlay mode, drag disabled, window buttons hidden, title bar hidden
[2019.05.25-16.03.29:828][  0]LogCollectionManager: Loaded 0 collections in 0.002698 seconds
[2019.05.25-16.03.31:891][  0]LogFileCache: Scanning file cache for directory 'E:/ACEDAMIC/3rd Year/SCS 3113 - Game development/GeometryCatcherStarter/Saved/Collections/' took 0.01s
[2019.05.25-16.03.31:892][  0]LogFileCache: Scanning file cache for directory 'E:/ACEDAMIC/3rd Year/SCS 3113 - Game development/GeometryCatcherStarter/Content/Developers/Acer/Collections/' took 0.00s
[2019.05.25-16.03.31:892][  0]LogFileCache: Scanning file cache for directory 'E:/ACEDAMIC/3rd Year/SCS 3113 - Game development/GeometryCatcherStarter/Content/Collections/' took 0.00s
[2019.05.25-16.03.31:892][  0]LogCollectionManager: Rebuilt the GUID cache for 0 collections in 0.000001 seconds
[2019.05.25-16.03.32:189][  0]LogContentBrowser: Native class hierarchy populated in 0.1627 seconds. Added 2732 classes and 659 folders.
[2019.05.25-16.03.32:748][  0]LogContentBrowser: Native class hierarchy updated for 'WidgetCarousel' in 0.0005 seconds. Added 0 classes and 0 folders.
[2019.05.25-16.03.33:235][  0]LogPakFile: Registered encryption key '00000000000000000000000000000000': 0 pak files mounted, 0 remain pending
[2019.05.25-16.03.33:597][  0]LogPakFile: Registered encryption key '00000000000000000000000000000000': 0 pak files mounted, 0 remain pending
[2019.05.25-16.03.33:807][  0]LogPakFile: Registered encryption key '00000000000000000000000000000000': 0 pak files mounted, 0 remain pending
[2019.05.25-16.03.34:052][  0]LogPakFile: Registered encryption key '00000000000000000000000000000000': 0 pak files mounted, 0 remain pending
[2019.05.25-16.03.34:314][  0]LogPakFile: Registered encryption key '00000000000000000000000000000000': 0 pak files mounted, 0 remain pending
[2019.05.25-16.03.34:510][  0]LogPakFile: Registered encryption key '00000000000000000000000000000000': 0 pak files mounted, 0 remain pending
[2019.05.25-16.03.34:532][  0]LogPakFile: Registered encryption key '00000000000000000000000000000000': 0 pak files mounted, 0 remain pending
[2019.05.25-16.03.34:634][  0]LogPakFile: Registered encryption key '00000000000000000000000000000000': 0 pak files mounted, 0 remain pending
[2019.05.25-16.03.34:644][  0]LogPakFile: Registered encryption key '00000000000000000000000000000000': 0 pak files mounted, 0 remain pending
[2019.05.25-16.03.34:654][  0]LogPakFile: Registered encryption key '00000000000000000000000000000000': 0 pak files mounted, 0 remain pending
[2019.05.25-16.03.34:662][  0]LogPakFile: Registered encryption key '00000000000000000000000000000000': 0 pak files mounted, 0 remain pending
[2019.05.25-16.03.34:673][  0]LogPakFile: Registered encryption key '00000000000000000000000000000000': 0 pak files mounted, 0 remain pending
[2019.05.25-16.03.34:683][  0]LogPakFile: Registered encryption key '00000000000000000000000000000000': 0 pak files mounted, 0 remain pending
[2019.05.25-16.03.34:694][  0]LogPakFile: Registered encryption key '00000000000000000000000000000000': 0 pak files mounted, 0 remain pending
[2019.05.25-16.03.34:710][  0]LogPakFile: Registered encryption key '00000000000000000000000000000000': 0 pak files mounted, 0 remain pending
[2019.05.25-16.03.34:814][  0]LogPakFile: Registered encryption key '00000000000000000000000000000000': 0 pak files mounted, 0 remain pending
[2019.05.25-16.03.34:884][  0]LogPakFile: Registered encryption key '00000000000000000000000000000000': 0 pak files mounted, 0 remain pending
[2019.05.25-16.03.35:086][  0]LogPakFile: Registered encryption key '00000000000000000000000000000000': 0 pak files mounted, 0 remain pending
[2019.05.25-16.03.35:095][  0]LogPakFile: Registered encryption key '00000000000000000000000000000000': 0 pak files mounted, 0 remain pending
[2019.05.25-16.03.35:144][  0]LogPakFile: Registered encryption key '00000000000000000000000000000000': 0 pak files mounted, 0 remain pending
[2019.05.25-16.03.35:161][  0]LogPakFile: Registered encryption key '00000000000000000000000000000000': 0 pak files mounted, 0 remain pending
[2019.05.25-16.03.35:173][  0]LogPakFile: Registered encryption key '00000000000000000000000000000000': 0 pak files mounted, 0 remain pending
[2019.05.25-16.03.35:183][  0]LogPakFile: Registered encryption key '00000000000000000000000000000000': 0 pak files mounted, 0 remain pending
[2019.05.25-16.03.35:191][  0]LogPakFile: Registered encryption key '00000000000000000000000000000000': 0 pak files mounted, 0 remain pending
[2019.05.25-16.03.35:363][  0]LogPakFile: Registered encryption key '00000000000000000000000000000000': 0 pak files mounted, 0 remain pending
[2019.05.25-16.03.35:589][  0]LogPakFile: Registered encryption key '00000000000000000000000000000000': 0 pak files mounted, 0 remain pending
[2019.05.25-16.03.46:622][  0]LogContentBrowser: Native class hierarchy updated for 'AddContentDialog' in 0.0006 seconds. Added 0 classes and 0 folders.
[2019.05.25-16.03.47:294][  0]LogContentBrowser: Native class hierarchy updated for 'SceneOutliner' in 0.0004 seconds. Added 1 classes and 2 folders.
[2019.05.25-16.03.48:734][  0]LogSlate: Took 0.033387 seconds to synchronously load lazily loaded font '../../../Engine/Content/Slate/Fonts/Roboto-Regular.ttf' (155K)
[2019.05.25-16.03.48:821][  0]LogSlate: Took 0.065954 seconds to synchronously load lazily loaded font '../../../Engine/Content/Slate/Fonts/Roboto-Bold.ttf' (160K)
[2019.05.25-16.03.48:897][  0]LogSlate: Took 0.019613 seconds to synchronously load lazily loaded font '../../../Engine/Content/Editor/Slate/Fonts/FontAwesome.ttf' (139K)
[2019.05.25-16.03.50:168][  0]LogRenderer: Reallocating scene render targets to support 856x468 Format 10 NumSamples 1 (Frame:1).
[2019.05.25-16.03.51:855][  0]LogContentBrowser: Native class hierarchy updated for 'HierarchicalLODOutliner' in 0.0014 seconds. Added 0 classes and 0 folders.
[2019.05.25-16.03.51:856][  0]LogLoad: (Engine Initialization) Total time: 222.25 seconds
[2019.05.25-16.03.51:856][  0]LogLoad: (Engine Initialization) Total Blueprint compile time: 0.00 seconds
[2019.05.25-16.03.52:527][  0]LogContentStreaming: Texture pool size now 1000 MB
[2019.05.25-16.03.52:976][  0]LogSlate: Took 0.054410 seconds to synchronously load lazily loaded font '../../../Engine/Content/Slate/Fonts/Roboto-Light.ttf' (167K)
[2019.05.25-16.03.53:312][  2]LogAssetRegistry: Asset discovery search completed in 136.0294 seconds
[2019.05.25-16.03.53:329][  2]LogCollectionManager: Rebuilt the object cache for 0 collections in 0.000001 seconds (found 0 objects)
[2019.05.25-16.03.53:330][  2]LogCollectionManager: Fixed up redirectors for 0 collections in 0.000117 seconds (updated 0 objects)
[2019.05.25-16.28.52:300][452]LogHttp: Warning: 000002828F090900: request failed, libcurl error: 56 (Failure when receiving data from the peer)
[2019.05.25-16.28.52:300][452]LogHttp: Warning: 000002828F090900: libcurl info message cache 0 (Found bundle for host datarouter.ol.epicgames.com: 0x282dfde3f70 [can pipeline])
[2019.05.25-16.28.52:300][452]LogHttp: Warning: 000002828F090900: libcurl info message cache 1 (Re-using existing connection! (#10) with host datarouter.ol.epicgames.com)
[2019.05.25-16.28.52:300][452]LogHttp: Warning: 000002828F090900: libcurl info message cache 2 (Connected to datarouter.ol.epicgames.com (18.210.74.60) port 443 (#10))
[2019.05.25-16.28.52:301][452]LogHttp: Warning: 000002828F090900: libcurl info message cache 3 (We are completely uploaded and fine)
[2019.05.25-16.28.52:301][452]LogHttp: Warning: 000002828F090900: libcurl info message cache 4 (OpenSSL SSL_read: SSL_ERROR_SYSCALL, errno 10054)
[2019.05.25-16.28.52:301][452]LogHttp: Warning: 000002828F090900: libcurl info message cache 5 (Connection died, retrying a fresh connect)
[2019.05.25-16.28.52:301][452]LogHttp: Warning: 000002828F090900: libcurl info message cache 6 (necessary data rewind wasn't possible)
[2019.05.25-16.28.52:301][452]LogHttp: Warning: 000002828F090900: libcurl info message cache 7 (Closing connection 10)
[2019.05.25-16.28.52:301][452]LogHttp: Warning: Retry exhausted on https://datarouter.ol.epicgames.com/datarouter/api/v1/public/data?SessionID=%7B99736381-449B-E174-AEED-4C9EA2328153%7D&AppID=UEEditor.Rocket.Release&AppVersion=4.22.2-6574378%2B%2B%2BUE4%2BRelease-4.22&UserID=c23ff326442d1224e4558c9192a3a968%7C75d3919b08194cf6acb7c63bb9aaf1cc%7Cd82e9d82-40bb-4b99-85ad-5276bd1e6f44&AppEnvironment=datacollector-binary&UploadType=eteventstream
[2019.05.25-16.40.27:091][382]LogSlate: FSceneViewport::OnFocusLost() reason 0
[2019.05.25-16.44.22:788][590]LogSlate: Took 0.000276 seconds to synchronously load lazily loaded font '../../../Engine/Content/Slate/Fonts/Roboto-Light.ttf' (167K)
[2019.05.25-16.44.22:833][590]LogAssetEditorManager: Opening Asset editor for Blueprint /Game/GeometryCatcher/Blueprints/BP_GameManager.BP_GameManager
[2019.05.25-16.44.25:376][590]LogContentBrowser: Native class hierarchy updated for 'BlueprintGraph' in 0.0016 seconds. Added 121 classes and 0 folders.
[2019.05.25-16.44.30:995][590]LogSlate: Took 0.035808 seconds to synchronously load lazily loaded font '../../../Engine/Content/Slate/Fonts/Roboto-BoldCondensed.ttf' (158K)
[2019.05.25-16.44.32:744][591]LogSlate: Took 0.025003 seconds to synchronously load lazily loaded font '../../../Engine/Content/Slate/Fonts/Roboto-Italic.ttf' (157K)
[2019.05.25-16.46.10:183][303]LogAssetEditorManager: Opening Asset editor for WidgetBlueprint /Game/GeometryCatcher/UI/WBP_HUD.WBP_HUD
[2019.05.25-16.46.11:554][303]LogBlueprintActionDatabase: Requesting refresh due to module change: SequencerWidgets (loaded)
[2019.05.25-16.48.51:133][719]LogRenderer: Reallocating scene render targets to support 856x596 Format 10 NumSamples 1 (Frame:1).
[2019.05.25-16.52.17:732][863]LogSlate: Took 0.013744 seconds to synchronously load lazily loaded font '../../../Engine/Content/Slate/Fonts/Roboto-BoldCondensedItalic.ttf' (160K)
[2019.05.25-16.52.50:739][351]LogUObjectHash: Compacting FUObjectHashTables data took  11.17ms
[2019.05.25-16.52.51:076][351]LogUObjectHash: Compacting FUObjectHashTables data took   4.36ms
[2019.05.25-16.52.53:157][351]LogSavePackage: Moving 'E:/ACEDAMIC/3rd Year/SCS 3113 - Game development/GeometryCatcherStarter/Saved/TutorialMapDF1788B64E712EE2D5B12398C9624CEF.tmp' to 'E:/ACEDAMIC/3rd Year/SCS 3113 - Game development/GeometryCatcherStarter/Content/GeometryCatcher/Maps/TutorialMap.umap'
[2019.05.25-16.52.53:407][351]LogFileHelpers: Saving map 'TutorialMap' took 2.506
[2019.05.25-16.52.53:723][351]LogSavePackage: Moving 'E:/ACEDAMIC/3rd Year/SCS 3113 - Game development/GeometryCatcherStarter/Saved/BP_GameManager26FB65FD4AB2FE96667B64BA5E16CCEC.tmp' to 'E:/ACEDAMIC/3rd Year/SCS 3113 - Game development/GeometryCatcherStarter/Content/GeometryCatcher/Blueprints/BP_GameManager.uasset'
[2019.05.25-16.53.06:889][486]BlueprintLog: New page: Compile BP_GameManager
[2019.05.25-16.53.07:473][486]LogUObjectHash: Compacting FUObjectHashTables data took   6.20ms
[2019.05.25-17.00.13:674][528]Cmd: TRANSACTION UNDO
[2019.05.25-17.00.13:674][528]LogEditorTransaction: Undo Move Node
[2019.05.25-17.00.50:688][261]LogEditorTransaction: Undo Create Pin Link
[2019.05.25-17.00.51:014][269]LogEditorTransaction: Undo Create Pin Link
[2019.05.25-17.00.51:514][286]LogEditorTransaction: Undo Create Pin Link
[2019.05.25-17.00.52:519][337]LogEditorTransaction: Undo Create Pin Link
[2019.05.25-17.00.52:777][348]LogEditorTransaction: Undo Create Pin Link
[2019.05.25-17.00.53:134][364]LogEditorTransaction: Undo Create Pin Link
[2019.05.25-17.00.53:487][380]LogEditorTransaction: Undo Create Reroute Node
[2019.05.25-17.00.53:750][386]LogEditorTransaction: Undo Move Node
[2019.05.25-17.00.54:718][421]LogEditorTransaction: Undo Create Reroute Node
[2019.05.25-17.01.07:105][970]LogSavePackage: Moving 'E:/ACEDAMIC/3rd Year/SCS 3113 - Game development/GeometryCatcherStarter/Saved/BP_GameManagerBEE28D3D492990C4E8A91BBC400F474F.tmp' to 'E:/ACEDAMIC/3rd Year/SCS 3113 - Game development/GeometryCatcherStarter/Content/GeometryCatcher/Blueprints/BP_GameManager.uasset'
[2019.05.25-17.03.31:444][540]LogUObjectHash: Compacting FUObjectHashTables data took   7.37ms
[2019.05.25-17.03.32:204][540]LogSavePackage: Moving 'E:/ACEDAMIC/3rd Year/SCS 3113 - Game development/GeometryCatcherStarter/Saved/TutorialMap_Auto1DC5019964A406EE3BEFE999F79FC62B2.tmp' to 'E:/ACEDAMIC/3rd Year/SCS 3113 - Game development/GeometryCatcherStarter/Saved/Autosaves/Game/GeometryCatcher/Maps/TutorialMap_Auto1.umap'
[2019.05.25-17.03.32:254][540]LogFileHelpers: Editor autosave (incl. sublevels) for '/Game/GeometryCatcher/Maps/TutorialMap' took 1.369
[2019.05.25-17.03.32:255][540]LogFileHelpers: Editor autosave (incl. sublevels) for all levels took 1.369
[2019.05.25-17.05.40:133][978]BlueprintLog: New page: Compile BP_GameManager
[2019.05.25-17.05.40:633][978]LogUObjectHash: Compacting FUObjectHashTables data took   7.09ms
[2019.05.25-17.11.31:634][809]Cmd: OBJ SAVEPACKAGE PACKAGE="/Game/GeometryCatcher/UI/WBP_HUD" FILE="E:/ACEDAMIC/3rd Year/SCS 3113 - Game development/GeometryCatcherStarter/Content/GeometryCatcher/UI/WBP_HUD.uasset" SILENT=true
[2019.05.25-17.11.31:775][809]LogSavePackage: Moving 'E:/ACEDAMIC/3rd Year/SCS 3113 - Game development/GeometryCatcherStarter/Saved/WBP_HUD71E9F5404C5EDA739F0974894ABF33C9.tmp' to 'E:/ACEDAMIC/3rd Year/SCS 3113 - Game development/GeometryCatcherStarter/Content/GeometryCatcher/UI/WBP_HUD.uasset'
[2019.05.25-17.13.32:745][370]LogUObjectHash: Compacting FUObjectHashTables data took   7.84ms
[2019.05.25-17.13.33:279][370]LogSavePackage: Moving 'E:/ACEDAMIC/3rd Year/SCS 3113 - Game development/GeometryCatcherStarter/Saved/TutorialMap_Auto272EBCAA54F93B3AE13E99F8B6C7F7A11.tmp' to 'E:/ACEDAMIC/3rd Year/SCS 3113 - Game development/GeometryCatcherStarter/Saved/Autosaves/Game/GeometryCatcher/Maps/TutorialMap_Auto2.umap'
[2019.05.25-17.13.33:285][370]LogFileHelpers: Editor autosave (incl. sublevels) for '/Game/GeometryCatcher/Maps/TutorialMap' took 0.642
[2019.05.25-17.13.33:285][370]LogFileHelpers: Editor autosave (incl. sublevels) for all levels took 0.642
[2019.05.25-17.13.33:536][378]BlueprintLog: New page: Compile WBP_HUD
[2019.05.25-17.13.33:649][378]LogUObjectHash: Compacting FUObjectHashTables data took   5.81ms
[2019.05.25-17.15.50:018][952]Cmd: TRANSACTION UNDO
[2019.05.25-17.15.50:018][952]LogEditorTransaction: Undo Create Reroute Node
[2019.05.25-17.17.12:346][714]LogEditorTransaction: Undo Create Pin Link
[2019.05.25-17.17.12:676][726]LogEditorTransaction: Undo Create Reroute Node
[2019.05.25-17.17.12:972][733]LogEditorTransaction: Undo Create Reroute Node
[2019.05.25-17.20.54:923][903]BlueprintLog: New page: Compile BP_GameManager
[2019.05.25-17.20.55:489][903]LogUObjectHash: Compacting FUObjectHashTables data took   7.84ms
[2019.05.25-17.23.54:726][898]LogUObjectHash: Compacting FUObjectHashTables data took   8.39ms
[2019.05.25-17.23.55:295][898]LogSavePackage: Moving 'E:/ACEDAMIC/3rd Year/SCS 3113 - Game development/GeometryCatcherStarter/Saved/TutorialMap_Auto3F6ECE2754F8C55BACA7A1BBE656E3875.tmp' to 'E:/ACEDAMIC/3rd Year/SCS 3113 - Game development/GeometryCatcherStarter/Saved/Autosaves/Game/GeometryCatcher/Maps/TutorialMap_Auto3.umap'
[2019.05.25-17.23.55:306][898]LogFileHelpers: Editor autosave (incl. sublevels) for '/Game/GeometryCatcher/Maps/TutorialMap' took 1.219
[2019.05.25-17.23.55:306][898]LogFileHelpers: Editor autosave (incl. sublevels) for all levels took 1.219
[2019.05.25-17.23.55:309][898]OBJ SavePackage: Generating thumbnails for [0] asset(s) in package [/Game/GeometryCatcher/Blueprints/BP_GameManager] ([1] browsable assets)...
[2019.05.25-17.23.55:309][898]OBJ SavePackage: Finished generating thumbnails for package [/Game/GeometryCatcher/Blueprints/BP_GameManager]
[2019.05.25-17.23.55:494][898]LogSavePackage: Moving 'E:/ACEDAMIC/3rd Year/SCS 3113 - Game development/GeometryCatcherStarter/Saved/BP_GameManager_Auto32FEA567241ED3F1B85374C8334CC3FF0.tmp' to 'E:/ACEDAMIC/3rd Year/SCS 3113 - Game development/GeometryCatcherStarter/Saved/Autosaves/Game/GeometryCatcher/Blueprints/BP_GameManager_Auto3.uasset'
[2019.05.25-17.23.55:496][898]LogFileHelpers: Auto-saving content packages took 0.187
[2019.05.25-17.24.13:783][ 60]BlueprintLog: New page: Compile BP_GameManager
[2019.05.25-17.24.14:376][ 60]LogUObjectHash: Compacting FUObjectHashTables data took   7.23ms
[2019.05.25-17.24.18:283][245]LogTemp: Repeating last play command: Selected Viewport
[2019.05.25-17.24.18:380][245]LogBlueprintUserMessages: Early PlayInEditor Detection: Level '/Game/GeometryCatcher/Maps/TutorialMap.TutorialMap:PersistentLevel' has LevelScriptBlueprint '/Game/GeometryCatcher/Maps/TutorialMap.TutorialMap:PersistentLevel.TutorialMap' with GeneratedClass '/Game/GeometryCatcher/Maps/TutorialMap.TutorialMap_C' with ClassGeneratedBy '/Game/GeometryCatcher/Maps/TutorialMap.TutorialMap:PersistentLevel.TutorialMap'
[2019.05.25-17.24.18:408][245]LogPlayLevel: PlayLevel: No blueprints needed recompiling
[2019.05.25-17.24.18:560][245]PIE: New page: PIE session: TutorialMap (May 26, 2019, 4:24:18 AM)
[2019.05.25-17.24.18:782][245]LogPlayLevel: Creating play world package: /Game/GeometryCatcher/Maps/UEDPIE_0_TutorialMap
[2019.05.25-17.24.18:823][245]LogPlayLevel: PIE: StaticDuplicateObject took: (0.039502s)
[2019.05.25-17.24.18:842][245]LogAIModule: Creating AISystem for world TutorialMap
[2019.05.25-17.24.18:868][245]LogPlayLevel: PIE: World Init took: (0.045039s)
[2019.05.25-17.24.18:868][245]LogPlayLevel: PIE: Created PIE world by copying editor world from /Game/GeometryCatcher/Maps/TutorialMap.TutorialMap to /Game/GeometryCatcher/Maps/UEDPIE_0_TutorialMap.TutorialMap (0.086520s)
[2019.05.25-17.24.18:938][245]LogUObjectHash: Compacting FUObjectHashTables data took   6.37ms
[2019.05.25-17.24.19:096][245]LogInit: XAudio2 using 'Speakers (Realtek High Definition Audio)' : 2 channels at 48 kHz using 32 bits per sample (channel mask 0x3)
[2019.05.25-17.24.19:139][245]LogInit: FAudioDevice initialized.
[2019.05.25-17.24.19:319][245]LogLoad: Game class is 'GM_Tutorial_C'
[2019.05.25-17.24.19:321][245]LogWorld: Bringing World /Game/GeometryCatcher/Maps/UEDPIE_0_TutorialMap.TutorialMap up for play (max tick rate 60) at 2019.05.25-22.54.19
[2019.05.25-17.24.19:362][245]LogWorld: Bringing up level for play took: 0.041848
[2019.05.25-17.24.19:685][245]LogBlueprintActionDatabase: Requesting refresh due to module change: Voice (loaded)
[2019.05.25-17.24.19:720][245]LogBlueprintActionDatabase: Requesting refresh due to module change: MovieSceneCapture (loaded)
[2019.05.25-17.24.19:721][245]LogContentBrowser: Native class hierarchy updated for 'MovieSceneCapture' in 0.0012 seconds. Added 20 classes and 0 folders.
[2019.05.25-17.24.20:055][245]PIE: Play in editor start time for /Game/GeometryCatcher/Maps/UEDPIE_0_TutorialMap 1.527
[2019.05.25-17.24.20:056][245]LogBlueprintUserMessages: Late PlayInEditor Detection: Level '/Game/GeometryCatcher/Maps/TutorialMap.TutorialMap:PersistentLevel' has LevelScriptBlueprint '/Game/GeometryCatcher/Maps/TutorialMap.TutorialMap:PersistentLevel.TutorialMap' with GeneratedClass '/Game/GeometryCatcher/Maps/TutorialMap.TutorialMap_C' with ClassGeneratedBy '/Game/GeometryCatcher/Maps/TutorialMap.TutorialMap:PersistentLevel.TutorialMap'
[2019.05.25-17.24.36:425][988]LogBlueprintUserMessages: Early EndPlayMap Detection: Level '/Game/GeometryCatcher/Maps/TutorialMap.TutorialMap:PersistentLevel' has LevelScriptBlueprint '/Game/GeometryCatcher/Maps/TutorialMap.TutorialMap:PersistentLevel.TutorialMap' with GeneratedClass '/Game/GeometryCatcher/Maps/TutorialMap.TutorialMap_C' with ClassGeneratedBy '/Game/GeometryCatcher/Maps/TutorialMap.TutorialMap:PersistentLevel.TutorialMap'
[2019.05.25-17.24.36:442][988]LogSlate: Updating window title bar state: overlay mode, drag disabled, window buttons hidden, title bar hidden
[2019.05.25-17.24.36:634][988]LogPlayLevel: Display: Shutting down PIE online subsystems
[2019.05.25-17.24.36:634][988]LogBlueprintUserMessages: Late EndPlayMap Detection: Level '/Game/GeometryCatcher/Maps/TutorialMap.TutorialMap:PersistentLevel' has LevelScriptBlueprint '/Game/GeometryCatcher/Maps/TutorialMap.TutorialMap:PersistentLevel.TutorialMap' with GeneratedClass '/Game/GeometryCatcher/Maps/TutorialMap.TutorialMap_C' with ClassGeneratedBy '/Game/GeometryCatcher/Maps/TutorialMap.TutorialMap:PersistentLevel.TutorialMap'
[2019.05.25-17.24.36:970][988]LogSlate: Updating window title bar state: overlay mode, drag disabled, window buttons hidden, title bar hidden
[2019.05.25-17.24.37:259][988]LogUObjectHash: Compacting FUObjectHashTables data took   8.83ms
[2019.05.25-17.24.37:360][989]LogPlayLevel: Display: Destroying online subsystem :Context_8
[2019.05.25-17.25.43:033][291]LogSlate: FSceneViewport::OnFocusLost() reason 2
[2019.05.25-17.25.44:237][343]LogUObjectHash: Compacting FUObjectHashTables data took  11.12ms
[2019.05.25-17.25.44:251][343]LogSlate: FSceneViewport::OnFocusLost() reason 2
[2019.05.25-17.25.44:355][343]LogUObjectHash: Compacting FUObjectHashTables data took   1.75ms
[2019.05.25-17.25.44:716][343]LogSavePackage: Moving 'E:/ACEDAMIC/3rd Year/SCS 3113 - Game development/GeometryCatcherStarter/Saved/TutorialMapF9466D5D4FFF66FCBCAE67B7DE6FA83E.tmp' to 'E:/ACEDAMIC/3rd Year/SCS 3113 - Game development/GeometryCatcherStarter/Content/GeometryCatcher/Maps/TutorialMap.umap'
[2019.05.25-17.25.44:792][343]LogFileHelpers: Saving map 'TutorialMap' took 0.506
[2019.05.25-17.25.44:946][343]LogSavePackage: Moving 'E:/ACEDAMIC/3rd Year/SCS 3113 - Game development/GeometryCatcherStarter/Saved/BP_GameManagerD2A584B54B21EEFAA7B0F294ED3EF960.tmp' to 'E:/ACEDAMIC/3rd Year/SCS 3113 - Game development/GeometryCatcherStarter/Content/GeometryCatcher/Blueprints/BP_GameManager.uasset'
[2019.05.25-17.30.11:891][259]LogSlate: FSceneViewport::OnFocusLost() reason 0
[2019.05.25-17.31.17:081][885]LogEditorTransaction: Undo Create Binding
[2019.05.25-17.33.21:240][351]LogEditorTransaction: Undo Edit Text
[2019.05.25-17.36.21:948][474]LogUObjectHash: Compacting FUObjectHashTables data took   9.55ms
[2019.05.25-17.36.21:948][474]LogFileHelpers: Editor autosave (incl. sublevels) for '/Game/GeometryCatcher/Maps/TutorialMap' took 0.181
[2019.05.25-17.36.21:951][474]OBJ SavePackage: Generating thumbnails for [0] asset(s) in package [/Game/GeometryCatcher/UI/WBP_HUD] ([1] browsable assets)...
[2019.05.25-17.36.21:951][474]OBJ SavePackage: Finished generating thumbnails for package [/Game/GeometryCatcher/UI/WBP_HUD]
[2019.05.25-17.36.22:019][474]LogSavePackage: Moving 'E:/ACEDAMIC/3rd Year/SCS 3113 - Game development/GeometryCatcherStarter/Saved/WBP_HUD_Auto4A04B70B3417B6E61FBF54C9C58834A55.tmp' to 'E:/ACEDAMIC/3rd Year/SCS 3113 - Game development/GeometryCatcherStarter/Saved/Autosaves/Game/GeometryCatcher/UI/WBP_HUD_Auto4.uasset'
[2019.05.25-17.36.22:021][474]LogFileHelpers: Auto-saving content packages took 0.071
[2019.05.25-17.36.52:621][648]Cmd: OBJ SAVEPACKAGE PACKAGE="/Game/GeometryCatcher/UI/WBP_HUD" FILE="E:/ACEDAMIC/3rd Year/SCS 3113 - Game development/GeometryCatcherStarter/Content/GeometryCatcher/UI/WBP_HUD.uasset" SILENT=true
[2019.05.25-17.36.52:739][648]LogSavePackage: Moving 'E:/ACEDAMIC/3rd Year/SCS 3113 - Game development/GeometryCatcherStarter/Saved/WBP_HUDD0C95EB14931845CB9503C85F87755FD.tmp' to 'E:/ACEDAMIC/3rd Year/SCS 3113 - Game development/GeometryCatcherStarter/Content/GeometryCatcher/UI/WBP_HUD.uasset'
[2019.05.25-17.36.54:112][693]LogSlate: FSceneViewport::OnFocusLost() reason 0
[2019.05.25-17.36.56:004][753]BlueprintLog: New page: Compile WBP_HUD
[2019.05.25-17.36.56:155][753]LogUObjectHash: Compacting FUObjectHashTables data took   6.32ms
[2019.05.25-17.36.57:087][773]Cmd: OBJ SAVEPACKAGE PACKAGE="/Game/GeometryCatcher/UI/WBP_HUD" FILE="E:/ACEDAMIC/3rd Year/SCS 3113 - Game development/GeometryCatcherStarter/Content/GeometryCatcher/UI/WBP_HUD.uasset" SILENT=true
[2019.05.25-17.36.57:192][773]LogSavePackage: Moving 'E:/ACEDAMIC/3rd Year/SCS 3113 - Game development/GeometryCatcherStarter/Saved/WBP_HUD028AD45C418832A01CFC6B92D713649F.tmp' to 'E:/ACEDAMIC/3rd Year/SCS 3113 - Game development/GeometryCatcherStarter/Content/GeometryCatcher/UI/WBP_HUD.uasset'
[2019.05.25-17.36.57:634][788]LogSlate: FSceneViewport::OnFocusLost() reason 0
[2019.05.25-17.37.01:014][913]BlueprintLog: New page: Compile BP_GameManager
[2019.05.25-17.37.01:484][913]LogUObjectHash: Compacting FUObjectHashTables data took   7.10ms
[2019.05.25-17.37.04:338][ 38]LogSlate: FSceneViewport::OnFocusLost() reason 0
[2019.05.25-17.37.04:406][ 41]LogTemp: Repeating last play command: Selected Viewport
[2019.05.25-17.37.04:477][ 41]LogBlueprintUserMessages: Early PlayInEditor Detection: Level '/Game/GeometryCatcher/Maps/TutorialMap.TutorialMap:PersistentLevel' has LevelScriptBlueprint '/Game/GeometryCatcher/Maps/TutorialMap.TutorialMap:PersistentLevel.TutorialMap' with GeneratedClass '/Game/GeometryCatcher/Maps/TutorialMap.TutorialMap_C' with ClassGeneratedBy '/Game/GeometryCatcher/Maps/TutorialMap.TutorialMap:PersistentLevel.TutorialMap'
[2019.05.25-17.37.04:477][ 41]LogPlayLevel: PlayLevel: No blueprints needed recompiling
[2019.05.25-17.37.04:477][ 41]PIE: New page: PIE session: TutorialMap (May 26, 2019, 4:37:04 AM)
[2019.05.25-17.37.04:477][ 41]LogPlayLevel: Creating play world package: /Game/GeometryCatcher/Maps/UEDPIE_0_TutorialMap
[2019.05.25-17.37.04:483][ 41]LogPlayLevel: PIE: StaticDuplicateObject took: (0.005949s)
[2019.05.25-17.37.04:484][ 41]LogAIModule: Creating AISystem for world TutorialMap
[2019.05.25-17.37.04:484][ 41]LogPlayLevel: PIE: World Init took: (0.000940s)
[2019.05.25-17.37.04:484][ 41]LogPlayLevel: PIE: Created PIE world by copying editor world from /Game/GeometryCatcher/Maps/TutorialMap.TutorialMap to /Game/GeometryCatcher/Maps/UEDPIE_0_TutorialMap.TutorialMap (0.007243s)
[2019.05.25-17.37.04:569][ 41]LogUObjectHash: Compacting FUObjectHashTables data took   7.10ms
[2019.05.25-17.37.04:585][ 41]LogInit: XAudio2 using 'Speakers (Realtek High Definition Audio)' : 2 channels at 48 kHz using 32 bits per sample (channel mask 0x3)
[2019.05.25-17.37.04:619][ 41]LogInit: FAudioDevice initialized.
[2019.05.25-17.37.04:672][ 41]LogLoad: Game class is 'GM_Tutorial_C'
[2019.05.25-17.37.04:675][ 41]LogWorld: Bringing World /Game/GeometryCatcher/Maps/UEDPIE_0_TutorialMap.TutorialMap up for play (max tick rate 60) at 2019.05.25-23.07.04
[2019.05.25-17.37.04:675][ 41]LogWorld: Bringing up level for play took: 0.001704
[2019.05.25-17.37.04:690][ 41]PIE: Play in editor start time for /Game/GeometryCatcher/Maps/UEDPIE_0_TutorialMap 0.163
[2019.05.25-17.37.04:690][ 41]LogBlueprintUserMessages: Late PlayInEditor Detection: Level '/Game/GeometryCatcher/Maps/TutorialMap.TutorialMap:PersistentLevel' has LevelScriptBlueprint '/Game/GeometryCatcher/Maps/TutorialMap.TutorialMap:PersistentLevel.TutorialMap' with GeneratedClass '/Game/GeometryCatcher/Maps/TutorialMap.TutorialMap_C' with ClassGeneratedBy '/Game/GeometryCatcher/Maps/TutorialMap.TutorialMap:PersistentLevel.TutorialMap'
[2019.05.25-17.37.22:688][986]LogBlueprintUserMessages: Early EndPlayMap Detection: Level '/Game/GeometryCatcher/Maps/TutorialMap.TutorialMap:PersistentLevel' has LevelScriptBlueprint '/Game/GeometryCatcher/Maps/TutorialMap.TutorialMap:PersistentLevel.TutorialMap' with GeneratedClass '/Game/GeometryCatcher/Maps/TutorialMap.TutorialMap_C' with ClassGeneratedBy '/Game/GeometryCatcher/Maps/TutorialMap.TutorialMap:PersistentLevel.TutorialMap'
[2019.05.25-17.37.22:688][986]LogSlate: Updating window title bar state: overlay mode, drag disabled, window buttons hidden, title bar hidden
[2019.05.25-17.37.22:738][986]LogPlayLevel: Display: Shutting down PIE online subsystems
[2019.05.25-17.37.22:738][986]LogBlueprintUserMessages: Late EndPlayMap Detection: Level '/Game/GeometryCatcher/Maps/TutorialMap.TutorialMap:PersistentLevel' has LevelScriptBlueprint '/Game/GeometryCatcher/Maps/TutorialMap.TutorialMap:PersistentLevel.TutorialMap' with GeneratedClass '/Game/GeometryCatcher/Maps/TutorialMap.TutorialMap_C' with ClassGeneratedBy '/Game/GeometryCatcher/Maps/TutorialMap.TutorialMap:PersistentLevel.TutorialMap'
[2019.05.25-17.37.22:814][986]LogSlate: Updating window title bar state: overlay mode, drag disabled, window buttons hidden, title bar hidden
[2019.05.25-17.37.22:824][986]LogUObjectHash: Compacting FUObjectHashTables data took   4.73ms
[2019.05.25-17.37.22:881][987]LogPlayLevel: Display: Destroying online subsystem :Context_9
